<?xml version="1.0" encoding="UTF-8"?>
<checkstyle>
<file name="modules/contrib/like_and_dislike/src/Tests/LikeAndDislikeTest.php">
  <error line="25" column="1" severity="error" message="Class Drupal\like_and_dislike\Tests\LikeAndDislikeTest extends deprecated class Drupal\simpletest\WebTestBase:
in drupal:8.8.0 and is removed from drupal:9.0.0. Instead,
use \Drupal\Tests\BrowserTestBase. See https://www.drupal.org/node/3030340." />
  <error line="47" column="1" severity="error" message="Call to method setUp() of deprecated class Drupal\simpletest\WebTestBase:
in drupal:8.8.0 and is removed from drupal:9.0.0. Instead,
use \Drupal\Tests\BrowserTestBase. See https://www.drupal.org/node/3030340." />
</file>
</checkstyle>
