<?xml version="1.0" encoding="UTF-8"?>
<checkstyle>
<file name="modules/contrib/mathjax/src/Tests/MathjaxWebTest.php">
  <error line="13" column="1" severity="error" message="Class Drupal\mathjax\Tests\MathjaxWebTest extends deprecated class Drupal\simpletest\WebTestBase:
in drupal:8.8.0 and is removed from drupal:9.0.0. Instead,
use \Drupal\Tests\BrowserTestBase. See https://www.drupal.org/node/3030340." />
  <error line="44" column="1" severity="error" message="Call to method setUp() of deprecated class Drupal\simpletest\WebTestBase:
in drupal:8.8.0 and is removed from drupal:9.0.0. Instead,
use \Drupal\Tests\BrowserTestBase. See https://www.drupal.org/node/3030340." />
</file>
</checkstyle>
